<?xml version="1.0" encoding="UTF-8"?>
<testng-results skipped="0" failed="0" total="2" passed="2">
  <reporter-output>
  </reporter-output>
  <suite name="Parallel test suite" duration-ms="16606" started-at="2015-03-04T05:28:42Z" finished-at="2015-03-04T05:28:59Z">
    <groups>
    </groups>
    <test name="Test on Chrome" duration-ms="12317" started-at="2015-03-04T05:28:42Z" finished-at="2015-03-04T05:28:54Z">
      <class name="pack.ParallelTest">
        <test-method status="PASS" signature="setUp()[pri:0, instance:pack.ParallelTest@16fb17e5]" name="setUp" is-config="true" duration-ms="8614" started-at="2015-03-04T14:28:42Z" finished-at="2015-03-04T14:28:51Z">
          <reporter-output>
          </reporter-output>
        </test-method> <!-- setUp -->
        <test-method status="PASS" signature="Test02()[pri:0, instance:pack.ParallelTest@16fb17e5]" name="Test02" duration-ms="2769" started-at="2015-03-04T14:28:51Z" finished-at="2015-03-04T14:28:53Z">
          <reporter-output>
          </reporter-output>
        </test-method> <!-- Test02 -->
        <test-method status="PASS" signature="tearDown()[pri:0, instance:pack.ParallelTest@16fb17e5]" name="tearDown" is-config="true" duration-ms="912" started-at="2015-03-04T14:28:53Z" finished-at="2015-03-04T14:28:54Z">
          <reporter-output>
          </reporter-output>
        </test-method> <!-- tearDown -->
      </class> <!-- pack.ParallelTest -->
    </test> <!-- Test on Chrome -->
    <test name="Test on Firefox" duration-ms="16606" started-at="2015-03-04T05:28:42Z" finished-at="2015-03-04T05:28:59Z">
      <class name="pack.ParallelTest">
        <test-method status="PASS" signature="setUp()[pri:0, instance:pack.ParallelTest@323c28ab]" name="setUp" is-config="true" duration-ms="15137" started-at="2015-03-04T14:28:42Z" finished-at="2015-03-04T14:28:57Z">
          <reporter-output>
          </reporter-output>
        </test-method> <!-- setUp -->
        <test-method status="PASS" signature="Test01()[pri:0, instance:pack.ParallelTest@323c28ab]" name="Test01" duration-ms="1181" started-at="2015-03-04T14:28:57Z" finished-at="2015-03-04T14:28:58Z">
          <reporter-output>
          </reporter-output>
        </test-method> <!-- Test01 -->
        <test-method status="PASS" signature="tearDown()[pri:0, instance:pack.ParallelTest@323c28ab]" name="tearDown" is-config="true" duration-ms="273" started-at="2015-03-04T14:28:58Z" finished-at="2015-03-04T14:28:59Z">
          <reporter-output>
          </reporter-output>
        </test-method> <!-- tearDown -->
      </class> <!-- pack.ParallelTest -->
    </test> <!-- Test on Firefox -->
  </suite> <!-- Parallel test suite -->
</testng-results>
